<?xml version="1.0" encoding="UTF-8"?>
<!-- Generated by org.testng.reporters.JUnitXMLReporter -->
<testsuite ignored="0" hostname="DESKTOP-40FF2C0" failures="0" tests="1" name="Test" time="0.061" errors="0" timestamp="2020-03-21T22:12:38 EDT">
  <testcase classname="com.inetbanking.testCases.BaseClass" name="@BeforeClass setUp" time="-1.584843158277E9">
    <failure type="org.testng.TestNGException" message="
Parameter &amp;apos;browser&amp;apos; is required by BeforeClass on method setUp but has not been marked @Optional or defined
in C:\Users\ISMA\eclipse-workspace\inetBankingV2\testng.xml">
      <![CDATA[org.testng.TestNGException: 
Parameter 'browser' is required by BeforeClass on method setUp but has not been marked @Optional or defined
in C:\Users\ISMA\eclipse-workspace\inetBankingV2\testng.xml
at java.base/java.util.ArrayList.forEach(ArrayList.java:1507)
... Removed 22 stack frames]]>
    </failure>
  </testcase> <!-- @BeforeClass setUp -->
  <testcase classname="com.inetbanking.testCases.BaseClass" name="@AfterClass tearDown" time="-1.584843158313E9">
    <skipped/>
  </testcase> <!-- @AfterClass tearDown -->
  <testcase classname="com.inetbanking.testCases.TC_LoginTest_001" name="loginTest" time="0.0">
    <skipped/>
  </testcase> <!-- loginTest -->
</testsuite> <!-- Test -->
